Arguments: 
  /usr/local/bin/node /usr/local/bin/yarn

PATH: 
  /opt/local/bin:/opt/local/sbin:/usr/local/bin:/usr/local/sbin:/usr/local/bin:/usr/bin:/bin:/usr/sbin:/sbin:/opt/local/bin:/opt/local/sbin:/usr/local/sbin

Yarn version: 
  1.22.10

Node version: 
  16.17.0

Platform: 
  darwin x64

Trace: 
  Error: http://172.16.5.55:8081/repository/npm-group/apollo-server-express: ETIMEDOUT
      at Timeout._onTimeout (/usr/local/lib/node_modules/yarn/lib/cli.js:141322:19)
      at listOnTimeout (node:internal/timers:559:17)
      at processTimers (node:internal/timers:502:7)

npm manifest: 
  {
    "name": "server",
    "version": "1.0.0",
    "description": "",
    "main": "server.js",
    "scripts": {
      "test": "echo \"Error: no test specified\" && exit 1",
      "start": "node server.js",
      "watch": "nodemon"
    },
    "keywords": [],
    "author": "",
    "license": "ISC",
    "devDependencies": {
      "nodemon": "^2.0.22"
    },
    "dependencies": {
      "apollo-server-express": "^3.12.0",
      "bcrypt": "^5.1.0",
      "express": "^4.18.2",
      "graphql": "^16.7.0",
      "jsonwebtoken": "^9.0.0",
      "mongodb": "^5.6.0",
      "mongoose": "^7.3.1"
    }
  }

yarn manifest: 
  No manifest

Lockfile: 
  No lockfile
